EDA Netlist Writer report for Lab6_1131417
Fri Oct 31 10:16:24 2025
Quartus II Version 9.1 Build 350 03/24/2010 Service Pack 2 SJ Web Edition


---------------------
; Table of Contents ;
---------------------
  1. Legal Notice
  2. EDA Netlist Writer Summary
  3. Simulation Settings
  4. Simulation Generated Files
  5. EDA Netlist Writer Messages



----------------
; Legal Notice ;
----------------
Copyright (C) 1991-2010 Altera Corporation
Your use of Altera Corporation's design tools, logic functions 
and other software and tools, and its AMPP partner logic 
functions, and any output files from any of the foregoing 
(including device programming or simulation files), and any 
associated documentation or information are expressly subject 
to the terms and conditions of the Altera Program License 
Subscription Agreement, Altera MegaCore Function License 
Agreement, or other applicable license agreement, including, 
without limitation, that your use is for the sole purpose of 
programming logic devices manufactured by Altera and sold by 
Altera or its authorized distributors.  Please refer to the 
applicable agreement for further details.



+-------------------------------------------------------------------+
; EDA Netlist Writer Summary                                        ;
+---------------------------+---------------------------------------+
; EDA Netlist Writer Status ; Successful - Fri Oct 31 10:16:24 2025 ;
; Revision Name             ; Lab6_1131417                          ;
; Top-level Entity Name     ; Lab6_1131417                          ;
; Family                    ; Cyclone III                           ;
; Simulation Files Creation ; Successful                            ;
+---------------------------+---------------------------------------+


+-------------------------------------------------------------------------------------------------------------------------------+
; Simulation Settings                                                                                                           ;
+---------------------------------------------------------------------------------------------------+---------------------------+
; Option                                                                                            ; Setting                   ;
+---------------------------------------------------------------------------------------------------+---------------------------+
; Tool Name                                                                                         ; ModelSim-Altera (Verilog) ;
; Generate netlist for functional simulation only                                                   ; Off                       ;
; Time scale                                                                                        ; 1 us                      ;
; Truncate long hierarchy paths                                                                     ; Off                       ;
; Map illegal HDL characters                                                                        ; Off                       ;
; Flatten buses into individual nodes                                                               ; Off                       ;
; Maintain hierarchy                                                                                ; Off                       ;
; Bring out device-wide set/reset signals as ports                                                  ; Off                       ;
; Enable glitch filtering                                                                           ; Off                       ;
; Do not write top level VHDL entity                                                                ; Off                       ;
; Disable detection of setup and hold time violations in the input registers of bi-directional pins ; Off                       ;
; Architecture name in VHDL output netlist                                                          ; structure                 ;
; Generate third-party EDA tool command script for RTL functional simulation                        ; Off                       ;
; Generate third-party EDA tool command script for gate-level simulation                            ; Off                       ;
+---------------------------------------------------------------------------------------------------+---------------------------+


+-----------------------------------------------------------------------------------------------+
; Simulation Generated Files                                                                    ;
+-----------------------------------------------------------------------------------------------+
; Generated Files                                                                               ;
+-----------------------------------------------------------------------------------------------+
; C:/Thomas/2_top/CS206B/Lab6_1131417/simulation/modelsim/Lab6_1131417_6_1200mv_85c_slow.vo     ;
; C:/Thomas/2_top/CS206B/Lab6_1131417/simulation/modelsim/Lab6_1131417_6_1200mv_0c_slow.vo      ;
; C:/Thomas/2_top/CS206B/Lab6_1131417/simulation/modelsim/Lab6_1131417_min_1200mv_0c_fast.vo    ;
; C:/Thomas/2_top/CS206B/Lab6_1131417/simulation/modelsim/Lab6_1131417.vo                       ;
; C:/Thomas/2_top/CS206B/Lab6_1131417/simulation/modelsim/Lab6_1131417_6_1200mv_85c_v_slow.sdo  ;
; C:/Thomas/2_top/CS206B/Lab6_1131417/simulation/modelsim/Lab6_1131417_6_1200mv_0c_v_slow.sdo   ;
; C:/Thomas/2_top/CS206B/Lab6_1131417/simulation/modelsim/Lab6_1131417_min_1200mv_0c_v_fast.sdo ;
; C:/Thomas/2_top/CS206B/Lab6_1131417/simulation/modelsim/Lab6_1131417_v.sdo                    ;
+-----------------------------------------------------------------------------------------------+


+-----------------------------+
; EDA Netlist Writer Messages ;
+-----------------------------+
Info: *******************************************************************
Info: Running Quartus II EDA Netlist Writer
    Info: Version 9.1 Build 350 03/24/2010 Service Pack 2 SJ Web Edition
    Info: Processing started: Fri Oct 31 10:16:24 2025
Info: Command: quartus_eda --read_settings_files=off --write_settings_files=off Lab6_1131417 -c Lab6_1131417
Warning: An incorrect timescale is selected for the Verilog Output (.VO) file of this PLL design. It's required that the timescale should be 1 ps when simulating a PLL design in a third party EDA tool.
Info: Generated file Lab6_1131417_6_1200mv_85c_slow.vo in folder "C:/Thomas/2_top/CS206B/Lab6_1131417/simulation/modelsim/" for EDA simulation tool
Warning: An incorrect timescale is selected for the Verilog Output (.VO) file of this PLL design. It's required that the timescale should be 1 ps when simulating a PLL design in a third party EDA tool.
Info: Generated file Lab6_1131417_6_1200mv_0c_slow.vo in folder "C:/Thomas/2_top/CS206B/Lab6_1131417/simulation/modelsim/" for EDA simulation tool
Warning: An incorrect timescale is selected for the Verilog Output (.VO) file of this PLL design. It's required that the timescale should be 1 ps when simulating a PLL design in a third party EDA tool.
Info: Generated file Lab6_1131417_min_1200mv_0c_fast.vo in folder "C:/Thomas/2_top/CS206B/Lab6_1131417/simulation/modelsim/" for EDA simulation tool
Warning: An incorrect timescale is selected for the Verilog Output (.VO) file of this PLL design. It's required that the timescale should be 1 ps when simulating a PLL design in a third party EDA tool.
Info: Generated file Lab6_1131417.vo in folder "C:/Thomas/2_top/CS206B/Lab6_1131417/simulation/modelsim/" for EDA simulation tool
Info: Generated file Lab6_1131417_6_1200mv_85c_v_slow.sdo in folder "C:/Thomas/2_top/CS206B/Lab6_1131417/simulation/modelsim/" for EDA simulation tool
Info: Generated file Lab6_1131417_6_1200mv_0c_v_slow.sdo in folder "C:/Thomas/2_top/CS206B/Lab6_1131417/simulation/modelsim/" for EDA simulation tool
Info: Generated file Lab6_1131417_min_1200mv_0c_v_fast.sdo in folder "C:/Thomas/2_top/CS206B/Lab6_1131417/simulation/modelsim/" for EDA simulation tool
Info: Generated file Lab6_1131417_v.sdo in folder "C:/Thomas/2_top/CS206B/Lab6_1131417/simulation/modelsim/" for EDA simulation tool
Info: Quartus II EDA Netlist Writer was successful. 0 errors, 4 warnings
    Info: Peak virtual memory: 207 megabytes
    Info: Processing ended: Fri Oct 31 10:16:24 2025
    Info: Elapsed time: 00:00:00
    Info: Total CPU time (on all processors): 00:00:01


