Flow report for breathing_led
Fri Nov 21 11:41:52 2025
Quartus II Version 9.1 Build 350 03/24/2010 Service Pack 2 SJ Web Edition


---------------------
; Table of Contents ;
---------------------
  1. Legal Notice
  2. Flow Summary
  3. Flow Settings
  4. Flow Non-Default Global Settings
  5. Flow Elapsed Time
  6. Flow OS Summary
  7. Flow Log



----------------
; Legal Notice ;
----------------
Copyright (C) 1991-2010 Altera Corporation
Your use of Altera Corporation's design tools, logic functions 
and other software and tools, and its AMPP partner logic 
functions, and any output files from any of the foregoing 
(including device programming or simulation files), and any 
associated documentation or information are expressly subject 
to the terms and conditions of the Altera Program License 
Subscription Agreement, Altera MegaCore Function License 
Agreement, or other applicable license agreement, including, 
without limitation, that your use is for the sole purpose of 
programming logic devices manufactured by Altera and sold by 
Altera or its authorized distributors.  Please refer to the 
applicable agreement for further details.



+-----------------------------------------------------------------------------------+
; Flow Summary                                                                      ;
+------------------------------------+----------------------------------------------+
; Flow Status                        ; Successful - Fri Nov 21 11:41:52 2025        ;
; Quartus II Version                 ; 9.1 Build 350 03/24/2010 SP 2 SJ Web Edition ;
; Revision Name                      ; breathing_led                                ;
; Top-level Entity Name              ; breathing_led                                ;
; Family                             ; Cyclone III                                  ;
; Device                             ; EP3C16F484C6                                 ;
; Timing Models                      ; Final                                        ;
; Met timing requirements            ; N/A                                          ;
; Total logic elements               ; 77 / 15,408 ( < 1 % )                        ;
;     Total combinational functions  ; 77 / 15,408 ( < 1 % )                        ;
;     Dedicated logic registers      ; 43 / 15,408 ( < 1 % )                        ;
; Total registers                    ; 43                                           ;
; Total pins                         ; 2 / 347 ( < 1 % )                            ;
; Total virtual pins                 ; 0                                            ;
; Total memory bits                  ; 0 / 516,096 ( 0 % )                          ;
; Embedded Multiplier 9-bit elements ; 0 / 112 ( 0 % )                              ;
; Total PLLs                         ; 0 / 4 ( 0 % )                                ;
+------------------------------------+----------------------------------------------+


+-----------------------------------------+
; Flow Settings                           ;
+-------------------+---------------------+
; Option            ; Setting             ;
+-------------------+---------------------+
; Start date & time ; 11/21/2025 11:41:45 ;
; Main task         ; Compilation         ;
; Revision Name     ; breathing_led       ;
+-------------------+---------------------+


+---------------------------------------------------------------------------------------------------------------------------------------------------+
; Flow Non-Default Global Settings                                                                                                                  ;
+--------------------------------------+-------------------------------------------------------------+---------------+-------------+----------------+
; Assignment Name                      ; Value                                                       ; Default Value ; Entity Name ; Section Id     ;
+--------------------------------------+-------------------------------------------------------------+---------------+-------------+----------------+
; COMPILER_SIGNATURE_ID                ; 224475027692944.176369650503888                             ; --            ; --          ; --             ;
; EDA_NATIVELINK_SIMULATION_TEST_BENCH ; tb_sram_row                                                 ; --            ; --          ; eda_simulation ;
; EDA_OUTPUT_DATA_FORMAT               ; Vhdl                                                        ; --            ; --          ; eda_simulation ;
; EDA_SIMULATION_TOOL                  ; ModelSim-Altera (VHDL)                                      ; <None>        ; --          ; --             ;
; EDA_TEST_BENCH_ENABLE_STATUS         ; TEST_BENCH_MODE                                             ; --            ; --          ; eda_simulation ;
; MAX_CORE_JUNCTION_TEMP               ; 85                                                          ; --            ; --          ; --             ;
; MIN_CORE_JUNCTION_TEMP               ; 0                                                           ; --            ; --          ; --             ;
; MISC_FILE                            ; C:/Thomas/2_top/CS206B/Lab9_1131417_Bonus/breathing_led.dpf ; --            ; --          ; --             ;
; NOMINAL_CORE_SUPPLY_VOLTAGE          ; 1.2V                                                        ; --            ; --          ; --             ;
; PARTITION_COLOR                      ; 16764057                                                    ; --            ; --          ; Top            ;
; PARTITION_NETLIST_TYPE               ; SOURCE                                                      ; --            ; --          ; Top            ;
; USE_GENERATED_PHYSICAL_CONSTRAINTS   ; Off                                                         ; --            ; --          ; eda_blast_fpga ;
+--------------------------------------+-------------------------------------------------------------+---------------+-------------+----------------+


+-------------------------------------------------------------------------------------------------------------------------------+
; Flow Elapsed Time                                                                                                             ;
+---------------------------+--------------+-------------------------+---------------------+------------------------------------+
; Module Name               ; Elapsed Time ; Average Processors Used ; Peak Virtual Memory ; Total CPU Time (on all processors) ;
+---------------------------+--------------+-------------------------+---------------------+------------------------------------+
; Analysis & Synthesis      ; 00:00:01     ; 1.0                     ; 252 MB              ; 00:00:01                           ;
; Fitter                    ; 00:00:02     ; 1.0                     ; 298 MB              ; 00:00:03                           ;
; TimeQuest Timing Analyzer ; 00:00:00     ; 1.0                     ; 263 MB              ; 00:00:01                           ;
; Assembler                 ; 00:00:00     ; 1.0                     ; 241 MB              ; 00:00:01                           ;
; EDA Netlist Writer        ; 00:00:01     ; 1.0                     ; 194 MB              ; 00:00:01                           ;
; Total                     ; 00:00:04     ; --                      ; --                  ; 00:00:06                           ;
+---------------------------+--------------+-------------------------+---------------------+------------------------------------+


+--------------------------------------------------------------------------------------------+
; Flow OS Summary                                                                            ;
+---------------------------+------------------+---------------+------------+----------------+
; Module Name               ; Machine Hostname ; OS Name       ; OS Version ; Processor type ;
+---------------------------+------------------+---------------+------------+----------------+
; Analysis & Synthesis      ; LAPTOP-NEA47SGP  ; Windows Vista ; 6.2        ; x86_64         ;
; Fitter                    ; LAPTOP-NEA47SGP  ; Windows Vista ; 6.2        ; x86_64         ;
; Assembler                 ; LAPTOP-NEA47SGP  ; Windows Vista ; 6.2        ; x86_64         ;
; TimeQuest Timing Analyzer ; LAPTOP-NEA47SGP  ; Windows Vista ; 6.2        ; x86_64         ;
; EDA Netlist Writer        ; LAPTOP-NEA47SGP  ; Windows Vista ; 6.2        ; x86_64         ;
+---------------------------+------------------+---------------+------------+----------------+


------------
; Flow Log ;
------------
quartus_map --read_settings_files=on --write_settings_files=off breathing_led -c breathing_led
quartus_fit --read_settings_files=off --write_settings_files=off breathing_led -c breathing_led
quartus_asm --read_settings_files=off --write_settings_files=off breathing_led -c breathing_led
quartus_sta breathing_led -c breathing_led
quartus_eda --read_settings_files=off --write_settings_files=off breathing_led -c breathing_led



